<?xml version="1.0" encoding="UTF-8"?>
<!-- Generated by org.testng.reporters.JUnitReportReporter -->
<testsuite skipped="1" hostname="INAIRDT542648" name="dummy.restexample.scripts.TestDummy" tests="3" failures="0" timestamp="19 Nov 2019 06:29:54 GMT" time="6.937" errors="0">
  <testcase name="testGETDummy" time="5.577" classname="dummy.restexample.scripts.TestDummy"/>
  <testcase name="testPOSTDummy" time="1.360" classname="dummy.restexample.scripts.TestDummy"/>
  <testcase name="testPUTDummy" classname="dummy.restexample.scripts.TestDummy">
    <skipped/>
  </testcase> <!-- testPUTDummy -->
</testsuite> <!-- dummy.restexample.scripts.TestDummy -->
