<?xml version="1.0" encoding="UTF-8"?>
<!-- Generated by org.testng.reporters.JUnitReportReporter -->
<testsuite skipped="0" hostname="INAIRDT542648" name="dummy.restexample.scripts.TestDummy" tests="1" failures="0" timestamp="14 Nov 2019 05:49:00 GMT" time="2.381" errors="0">
  <testcase name="testGETDummy" time="2.381" classname="dummy.restexample.scripts.TestDummy"/>
</testsuite> <!-- dummy.restexample.scripts.TestDummy -->
